<?xml version="1.0"?>
<!--Phoronix Test Suite v10.4.0-->
<PhoronixTestSuite>
  <TestInformation>
    <Title>Navsim Test</Title>
    <AppVersion>2.7.0</AppVersion>
    <Description>ML-Agents Navsim Berlin</Description>
    <ResultScale>Seconds</ResultScale>
    <Proportion></Proportion>
    <SubTitle></SubTitle>
    <Executable></Executable>
    <TimesToRun>1</TimesToRun>
  </TestInformation>
  <TestProfile>
    <Version>1</Version>
    <SupportedPlatforms>Linux</SupportedPlatforms>
    <SoftwareType>Application</SoftwareType>
    <TestType>System</TestType>
    <License>Restricted</License>
    <Status>Experimental</Status>
    <SupportedArchitectures>x86_64</SupportedArchitectures>
    <ExternalDependencies>python</ExternalDependencies>
    <EnvironmentSize>30000</EnvironmentSize>
    <ProjectURL></ProjectURL>
    <RepositoryURL></RepositoryURL>
    <Maintainer>Clive Hoayun</Maintainer>
    <SystemDependencies></SystemDependencies>
  </TestProfile>
  <TestSettings>
    <Default>
      <Arguments></Arguments>
      <PostArguments></PostArguments>
    </Default>
    <Option>
      <DisplayName></DisplayName>
      <Identifier></Identifier>
      <ArgumentPrefix></ArgumentPrefix>
      <ArgumentPostfix></ArgumentPostfix>
      <DefaultEntry></DefaultEntry>
      <Message></Message>
      <Menu>
        <Entry>
          <Name></Name>
          <Value></Value>
          <Message></Message>
        </Entry>
      </Menu>
    </Option>
  </TestSettings>
</PhoronixTestSuite>
